2017-11-06 : Undefined index: DBPASSWORD
2017-11-06 : SQLSTATE[HY000] [1045] Access denied for user 'root'@'localhost' (using password: NO)
2017-11-06 : Undefined property: IndexController::$db
2017-11-06 : Missing argument 1 for Controller::db(), called in C:\www\WWW\wyy\git\Index\controller\IndexController.php on line 7 and defined
2017-11-06 : Undefined variable: sql
2017-11-06 : Undefined index: HOST
2017-11-06 : Undefined index: DB_USER
2017-11-06 : Undefined index: DB_PASSWORD
2017-11-06 : Undefined index: PORT
2017-11-06 : Undefined index: CHARSET
2017-11-06 : invalid data source name
2017-11-06 : Undefined variable: link
2017-11-06 : Missing argument 1 for Controller::db(), called in C:\www\WWW\wyy\git\Index\controller\IndexController.php on line 7 and defined
2017-11-06 : Undefined variable: sql
2017-11-06 : Undefined index: HOST
2017-11-06 : Undefined index: DB_USER
2017-11-06 : Undefined index: DB_PASSWORD
2017-11-06 : Undefined index: PORT
2017-11-06 : Undefined index: CHARSET
2017-11-06 : invalid data source name
2017-11-06 : Undefined variable: link
2017-11-06 : Missing argument 1 for Controller::db(), called in C:\www\WWW\wyy\git\Index\controller\IndexController.php on line 7 and defined
2017-11-06 : Undefined variable: sql
2017-11-06 : Undefined index: HOST
2017-11-06 : Undefined index: DB_USER
2017-11-06 : Undefined index: DB_PASSWORD
2017-11-06 : Undefined index: PORT
2017-11-06 : Undefined index: CHARSET
2017-11-06 : invalid data source name
2017-11-06 : Undefined variable: link
2017-11-06 : Missing argument 1 for Controller::db(), called in C:\www\WWW\wyy\git\Index\controller\IndexController.php on line 7 and defined
2017-11-06 : Undefined variable: sql
2017-11-06 : Undefined index: HOST
2017-11-06 : Undefined index: DB_USER
2017-11-06 : Undefined index: DB_PASSWORD
2017-11-06 : Undefined index: PORT
2017-11-06 : Undefined index: CHARSET
2017-11-06 : invalid data source name
2017-11-06 : Undefined variable: link
2017-11-06 : Missing argument 1 for Controller::db(), called in C:\www\WWW\wyy\git\Index\controller\IndexController.php on line 7 and defined
2017-11-06 : Undefined variable: sql
2017-11-06 : Undefined index: HOST
2017-11-06 : Undefined index: DB_USER
2017-11-06 : Undefined index: DB_PASSWORD
2017-11-06 : Undefined index: PORT
2017-11-06 : Undefined index: CHARSET
2017-11-06 : invalid data source name
2017-11-06 : Undefined variable: link
2017-11-06 : Missing argument 1 for Controller::db(), called in C:\www\WWW\wyy\git\Index\controller\IndexController.php on line 7 and defined
2017-11-06 : Undefined variable: sql
2017-11-06 : Undefined index: HOST
2017-11-06 : Undefined index: DB_USER
2017-11-06 : Undefined index: DB_PASSWORD
2017-11-06 : Undefined index: PORT
2017-11-06 : Undefined index: CHARSET
2017-11-06 : invalid data source name
2017-11-06 : Undefined variable: link
2017-11-06 : Undefined variable: sql
2017-11-06 : Undefined index: HOST
2017-11-06 : Undefined index: DB_USER
2017-11-06 : Undefined index: DB_PASSWORD
2017-11-06 : Undefined index: PORT
2017-11-06 : Undefined index: CHARSET
2017-11-06 : invalid data source name
2017-11-06 : Undefined variable: link
2017-11-06 : Undefined variable: sql
2017-11-06 : Undefined index: HOST
2017-11-06 : Undefined index: DB_USER
2017-11-06 : Undefined index: DB_PASSWORD
2017-11-06 : Undefined index: PORT
2017-11-06 : Undefined index: CHARSET
2017-11-06 : invalid data source name
2017-11-06 : Undefined variable: link
2017-11-06 : Undefined variable: sql
2017-11-06 : Accessing static property DB::$sql as non static
2017-11-06 : Undefined index: HOST
2017-11-06 : Undefined index: DB_USER
2017-11-06 : Undefined index: DB_PASSWORD
2017-11-06 : Undefined index: PORT
2017-11-06 : Undefined index: CHARSET
2017-11-06 : invalid data source name
2017-11-06 : Undefined variable: link
2017-11-06 : Accessing static property DB::$sql as non static
2017-11-06 : Undefined variable: sql
2017-11-06 : Accessing static property DB::$sql as non static
2017-11-06 : Undefined index: HOST
2017-11-06 : Undefined index: DB_USER
2017-11-06 : Undefined index: DB_PASSWORD
2017-11-06 : Undefined index: PORT
2017-11-06 : Undefined index: CHARSET
2017-11-06 : invalid data source name
2017-11-06 : Undefined variable: link
2017-11-06 : Accessing static property DB::$sql as non static
2017-11-06 : Undefined variable: sql
2017-11-06 : Accessing static property DB::$sql as non static
2017-11-06 : Undefined index: HOST
2017-11-06 : Undefined index: DB_USER
2017-11-06 : Undefined index: DB_PASSWORD
2017-11-06 : Undefined index: PORT
2017-11-06 : Undefined index: CHARSET
2017-11-06 : invalid data source name
2017-11-06 : Undefined variable: link
2017-11-06 : Accessing static property DB::$sql as non static
2017-11-06 : Undefined variable: sql
2017-11-06 : Accessing static property DB::$sql as non static
2017-11-06 : Undefined index: HOST
2017-11-06 : Undefined index: DB_USER
2017-11-06 : Undefined index: DB_PASSWORD
2017-11-06 : Undefined index: PORT
2017-11-06 : Undefined index: CHARSET
2017-11-06 : invalid data source name
2017-11-06 : Undefined variable: link
2017-11-06 : Accessing static property DB::$sql as non static
2017-11-06 : Accessing static property DB::$sql as non static
2017-11-06 : Undefined index: HOST
2017-11-06 : Undefined index: DB_USER
2017-11-06 : Undefined index: DB_PASSWORD
2017-11-06 : Undefined index: PORT
2017-11-06 : Undefined index: CHARSET
2017-11-06 : invalid data source name
2017-11-06 : Undefined variable: link
2017-11-06 : Accessing static property DB::$sql as non static
2017-11-06 : Undefined index: HOST
2017-11-06 : Undefined index: DB_USER
2017-11-06 : Undefined index: DB_PASSWORD
2017-11-06 : Undefined index: PORT
2017-11-06 : Undefined index: CHARSET
2017-11-06 : invalid data source name
2017-11-06 : Undefined variable: link
2017-11-06 : Undefined index: HOST
2017-11-06 : Undefined index: DB_USER
2017-11-06 : Undefined index: DB_PASSWORD
2017-11-06 : Undefined index: PORT
2017-11-06 : Undefined index: CHARSET
2017-11-06 : invalid data source name
2017-11-06 : Undefined variable: link
2017-11-06 : Illegal string offset 'HOST'
2017-11-06 : Undefined index: D
2017-11-06 : Illegal string offset 'DB_USER'
2017-11-06 : Undefined index: D
2017-11-06 : Illegal string offset 'DB_PASSWORD'
2017-11-06 : Undefined index: D
2017-11-06 : Illegal string offset 'PORT'
2017-11-06 : Undefined index: D
2017-11-06 : Illegal string offset 'CHARSET'
2017-11-06 : Undefined index: D
2017-11-06 : invalid data source name
2017-11-06 : Undefined variable: link
2017-11-06 : Undefined variable: db
2017-11-06 : Table 'test.data6' doesn't exist
2017-11-06 : Array to string conversion
2017-11-06 : Table 'test.userss' doesn't exist
2017-11-06 : Array to string conversion
2017-11-06 : You have an error in your SQL syntax; check the manual that corresponds to your MySQL server version for the right syntax to use near '=?' at line 1
2017-11-06 : You have an error in your SQL syntax; check the manual that corresponds to your MySQL server version for the right syntax to use near '=1' at line 1
2017-11-06 : array_merge(): Argument #2 is not an array
2017-11-06 : array_merge(): Argument #2 is not an array
2017-11-06 : array_merge(): Argument #2 is not an array
2017-11-06 : array_merge(): Argument #2 is not an array
2017-11-06 : array_merge(): Argument #2 is not an array
2017-11-06 : array_merge(): Argument #2 is not an array
2017-11-06 : array_merge(): Argument #2 is not an array
2017-11-06 : array_merge(): Argument #2 is not an array
2017-11-06 : array_merge(): Argument #2 is not an array
2017-11-06 : array_merge(): Argument #2 is not an array
2017-11-06 : array_merge(): Argument #2 is not an array
2017-11-06 : array_merge(): Argument #2 is not an array
2017-11-06 : Illegal offset type
2017-11-06 : array_merge(): Argument #2 is not an array
2017-11-06 : Illegal offset type
2017-11-06 : array_merge(): Argument #2 is not an array
2017-11-06 : Illegal offset type
2017-11-06 : array_merge(): Argument #2 is not an array
2017-11-06 : Illegal offset type
2017-11-06 : array_merge(): Argument #2 is not an array
2017-11-06 : Illegal offset type
2017-11-06 : array_merge(): Argument #2 is not an array
2017-11-06 : Illegal offset type
2017-11-06 : array_merge(): Argument #2 is not an array
2017-11-06 : Illegal offset type
2017-11-06 : array_merge(): Argument #2 is not an array
2017-11-06 : Illegal offset type
2017-11-06 : array_merge(): Argument #2 is not an array
2017-11-06 : Illegal offset type
2017-11-06 : array_merge(): Argument #2 is not an array
2017-11-06 : Illegal offset type
2017-11-06 : array_merge(): Argument #2 is not an array
2017-11-06 : Illegal offset type
2017-11-06 : array_merge(): Argument #2 is not an array
2017-11-06 : Illegal offset type
2017-11-06 : array_merge(): Argument #2 is not an array
2017-11-06 : Undefined index: Index
2017-11-06 : Undefined index: Index
2017-11-06 : Undefined index: Index
2017-11-06 : Undefined index: Index
2017-11-06 : Undefined index: Index
2017-11-06 : Undefined index: Index
2017-11-06 : Undefined index: Index
2017-11-06 : Undefined index: Index
2017-11-06 : Undefined index: Index
2017-11-06 : Undefined index: Index
2017-11-06 : Undefined index: Index
2017-11-06 : Undefined index: Index
2017-11-06 : Illegal string offset 'Index'
2017-11-06 : Illegal string offset 'Index'
2017-11-06 : Illegal string offset 'Index'
2017-11-06 : Illegal string offset 'Index'
2017-11-06 : Illegal string offset 'Index'
2017-11-06 : Illegal string offset 'Index'
2017-11-06 : chekc_url错误不是一个数组
2017-11-06 : chekc_url错误不是一个数组
2017-11-06 : chekc_url页面不存在
2017-11-06 : chekc_url页面不存在
2017-11-06 : chekc_url页面不存在！请检查配置文件是否开启了url验证
2017-11-06 : chekc_url页面不存在！请检查配置文件是否开启了url验证
2017-11-06 : chekc_url页面不存在！请检查配置文件是否开启了url验证
2017-11-06 : chekc_url页面不存在！请检查配置文件是否开启了url验证
2017-11-06 : chekc_url页面不存在！请检查配置文件是否开启了url验证
2017-11-06 : chekc_url页面不存在！请检查配置文件是否开启了url验证
2017-11-06 : chekc_url页面不存在！请检查配置文件是否开启了url验证
2017-11-06 : chekc_url页面不存在！请检查配置文件是否开启了url验证
2017-11-06 : chekc_url页面不存在！请检查配置文件是否开启了url验证
2017-11-06 : chekc_url页面不存在！请检查配置文件是否开启了url验证
2017-11-06 : chekc_url页面不存在！请检查配置文件是否开启了url验证
2017-11-06 : chekc_url页面不存在！请检查配置文件是否开启了url验证
2017-11-06 : chekc_url页面不存在！请检查配置文件是否开启了url验证
2017-11-06 : chekc_url页面不存在！请检查配置文件是否开启了url验证
2017-11-06 : chekc_url页面不存在！请检查配置文件是否开启了url验证
2017-11-06 : chekc_url页面不存在！请检查配置文件是否开启了url验证
2017-11-06 : chekc_url页面不存在！请检查配置文件是否开启了url验证
2017-11-06 : chekc_url页面不存在！请检查配置文件是否开启了url验证
2017-11-06 : chekc_url页面不存在！请检查配置文件是否开启了url验证
2017-11-06 : Array to string conversion
2017-11-06 : Array不存在！请检查配置文件是否开启了url验证
2017-11-06 : Array to string conversion
2017-11-06 : Array不存在！请检查配置文件是否开启了url验证
2017-11-06 : /index/index不存在！请检查配置文件是否开启了url验证
2017-11-06 : /favicon.ico/index不存在！请检查配置文件是否开启了url验证
2017-11-06 : /index/index不存在！请检查配置文件是否开启了url验证
2017-11-06 : /favicon.ico/index不存在！请检查配置文件是否开启了url验证
2017-11-06 : /index/index不存在！请检查配置文件是否开启了url验证
2017-11-06 : /favicon.ico/index不存在！请检查配置文件是否开启了url验证
2017-11-06 : /index/index不存在！请检查配置文件是否开启了url验证
2017-11-06 : /favicon.ico/index不存在！请检查配置文件是否开启了url验证
2017-11-06 : /index/index不存在！请检查配置文件是否开启了url验证
2017-11-06 : /favicon.ico/index不存在！请检查配置文件是否开启了url验证
2017-11-06 : chekc_url页面不存在！请检查配置文件是否开启了url验证
2017-11-06 : chekc_url页面不存在！请检查配置文件是否开启了url验证
2017-11-06 : chekc_url页面不存在！请检查配置文件是否开启了url验证
2017-11-06 : chekc_url页面不存在！请检查配置文件是否开启了url验证
2017-11-06 : chekc_url页面不存在！请检查配置文件是否开启了url验证
2017-11-06 : chekc_url页面不存在！请检查配置文件是否开启了url验证
2017-11-06 : chekc_url页面不存在！请检查配置文件是否开启了url验证
2017-11-06 : chekc_url页面不存在！请检查配置文件是否开启了url验证
2017-11-06 : chekc_url页面不存在！请检查配置文件是否开启了url验证
2017-11-06 : chekc_url页面不存在！请检查配置文件是否开启了url验证
2017-11-06 : chekc_url页面不存在！请检查配置文件是否开启了url验证
2017-11-06 : chekc_url页面不存在！请检查配置文件是否开启了url验证
2017-11-06 : chekc_url页面不存在！请检查配置文件是否开启了url验证
2017-11-06 : chekc_url页面不存在！请检查配置文件是否开启了url验证
2017-11-06 : chekc_url页面不存在！请检查配置文件是否开启了url验证
2017-11-06 : chekc_url页面不存在！请检查配置文件是否开启了url验证
2017-11-06 : chekc_url页面不存在！请检查配置文件是否开启了url验证
2017-11-06 : chekc_url页面不存在！请检查配置文件是否开启了url验证
2017-11-06 : chekc_url页面不存在！请检查配置文件是否开启了url验证
2017-11-06 : chekc_url页面不存在！请检查配置文件是否开启了url验证
2017-11-06 : chekc_url页面不存在！请检查配置文件是否开启了url验证
2017-11-06 : chekc_url页面不存在！请检查配置文件是否开启了url验证
2017-11-06 : chekc_url页面不存在！请检查配置文件是否开启了url验证
2017-11-06 : chekc_url页面不存在！请检查配置文件是否开启了url验证
2017-11-06 : chekc_url页面不存在！请检查配置文件是否开启了url验证
2017-11-06 : chekc_url页面不存在！请检查配置文件是否开启了url验证
2017-11-06 : chekc_url页面不存在！请检查配置文件是否开启了url验证
2017-11-06 : chekc_url页面不存在！请检查配置文件是否开启了url验证
2017-11-06 : chekc_url页面不存在！请检查配置文件是否开启了url验证
2017-11-06 : chekc_url页面不存在！请检查配置文件是否开启了url验证
2017-11-06 : chekc_url页面不存在！请检查配置文件是否开启了url验证
2017-11-06 : chekc_url页面不存在！请检查配置文件是否开启了url验证
2017-11-06 : chekc_url页面不存在！请检查配置文件是否开启了url验证
2017-11-06 : chekc_url页面不存在！请检查配置文件是否开启了url验证
2017-11-06 : chekc_url页面不存在！请检查配置文件是否开启了url验证
2017-11-06 : chekc_url页面不存在！请检查配置文件是否开启了url验证
2017-11-06 : chekc_url页面不存在！请检查配置文件是否开启了url验证
2017-11-06 : chekc_url页面不存在！请检查配置文件是否开启了url验证
2017-11-06 : chekc_url页面不存在！请检查配置文件是否开启了url验证
2017-11-06 : chekc_url页面不存在！请检查配置文件是否开启了url验证
2017-11-06 : chekc_url页面不存在！请检查配置文件是否开启了url验证
2017-11-06 : chekc_url页面不存在！请检查配置文件是否开启了url验证
2017-11-06 : chekc_url页面不存在！请检查配置文件是否开启了url验证
2017-11-06 : chekc_url页面不存在！请检查配置文件是否开启了url验证
2017-11-06 : chekc_url页面不存在！请检查配置文件是否开启了url验证
2017-11-06 : chekc_url页面不存在！请检查配置文件是否开启了url验证
2017-11-06 : chekc_url页面不存在！请检查配置文件是否开启了url验证
2017-11-06 : chekc_url页面不存在！请检查配置文件是否开启了url验证
2017-11-06 : chekc_url页面不存在！请检查配置文件是否开启了url验证
2017-11-06 : chekc_url页面不存在！请检查配置文件是否开启了url验证
2017-11-06 : chekc_url页面不存在！请检查配置文件是否开启了url验证
2017-11-06 : chekc_url页面不存在！请检查配置文件是否开启了url验证
2017-11-06 : chekc_url页面不存在！请检查配置文件是否开启了url验证
2017-11-06 : chekc_url页面不存在！请检查配置文件是否开启了url验证
2017-11-06 : chekc_url页面不存在！请检查配置文件是否开启了url验证
2017-11-06 : chekc_url页面不存在！请检查配置文件是否开启了url验证
2017-11-06 : chekc_url页面不存在！请检查配置文件是否开启了url验证
2017-11-06 : chekc_url页面不存在！请检查配置文件是否开启了url验证
2017-11-06 : chekc_url页面不存在！请检查配置文件是否开启了url验证
2017-11-06 : chekc_url页面不存在！请检查配置文件是否开启了url验证
2017-11-06 : chekc_url页面不存在！请检查配置文件是否开启了url验证
2017-11-06 : chekc_url页面不存在！请检查配置文件是否开启了url验证
2017-11-06 : chekc_url页面不存在！请检查配置文件是否开启了url验证
2017-11-06 : chekc_url页面不存在！请检查配置文件是否开启了url验证
2017-11-06 : chekc_url页面不存在！请检查配置文件是否开启了url验证
2017-11-06 : chekc_url页面不存在！请检查配置文件是否开启了url验证
2017-11-06 : chekc_url页面不存在！请检查配置文件是否开启了url验证
2017-11-06 : chekc_url页面不存在！请检查配置文件是否开启了url验证
2017-11-06 : chekc_url页面不存在！请检查配置文件是否开启了url验证
2017-11-06 : chekc_url页面不存在！请检查配置文件是否开启了url验证
2017-11-06 : chekc_url页面不存在！请检查配置文件是否开启了url验证
2017-11-06 : chekc_url页面不存在！请检查配置文件是否开启了url验证
2017-11-06 : chekc_url页面不存在！请检查配置文件是否开启了url验证
2017-11-06 : chekc_url页面不存在！请检查配置文件是否开启了url验证
2017-11-06 : chekc_url页面不存在！请检查配置文件是否开启了url验证
2017-11-06 : chekc_url页面不存在！请检查配置文件是否开启了url验证
2017-11-06 : chekc_url页面不存在！请检查配置文件是否开启了url验证
2017-11-06 : chekc_url页面不存在！请检查配置文件是否开启了url验证
2017-11-06 : chekc_url页面不存在！请检查配置文件是否开启了url验证
2017-11-06 : chekc_url页面不存在！请检查配置文件是否开启了url验证
2017-11-06 : chekc_url页面不存在！请检查配置文件是否开启了url验证
2017-11-06 : chekc_url页面不存在！请检查配置文件是否开启了url验证
2017-11-06 : chekc_url页面不存在！请检查配置文件是否开启了url验证
2017-11-06 : chekc_url页面不存在！请检查配置文件是否开启了url验证
2017-11-06 : chekc_url页面不存在！请检查配置文件是否开启了url验证
2017-11-06 : chekc_url页面不存在！请检查配置文件是否开启了url验证
2017-11-06 : chekc_url页面不存在！请检查配置文件是否开启了url验证
2017-11-06 : chekc_url页面不存在！请检查配置文件是否开启了url验证
2017-11-06 : chekc_url页面不存在！请检查配置文件是否开启了url验证
2017-11-06 : chekc_url页面不存在！请检查配置文件是否开启了url验证
2017-11-06 : chekc_url页面不存在！请检查配置文件是否开启了url验证
2017-11-06 : chekc_url页面不存在！请检查配置文件是否开启了url验证
2017-11-06 : chekc_url页面不存在！请检查配置文件是否开启了url验证
2017-11-06 : chekc_url页面不存在！请检查配置文件是否开启了url验证
2017-11-06 : chekc_url页面不存在！请检查配置文件是否开启了url验证
2017-11-06 : chekc_url页面不存在！请检查配置文件是否开启了url验证
2017-11-06 : chekc_url页面不存在！请检查配置文件是否开启了url验证
2017-11-06 : chekc_url页面不存在！请检查配置文件是否开启了url验证
2017-11-06 : chekc_url页面不存在！请检查配置文件是否开启了url验证
2017-11-06 : chekc_url页面不存在！请检查配置文件是否开启了url验证
2017-11-06 : chekc_url页面不存在！请检查配置文件是否开启了url验证
2017-11-06 : chekc_url页面不存在！请检查配置文件是否开启了url验证
2017-11-06 : chekc_url页面不存在！请检查配置文件是否开启了url验证
2017-11-06 : chekc_url页面不存在！请检查配置文件是否开启了url验证
2017-11-06 : chekc_url页面不存在！请检查配置文件是否开启了url验证
2017-11-06 : chekc_url页面不存在！请检查配置文件是否开启了url验证
2017-11-06 : chekc_url页面不存在！请检查配置文件是否开启了url验证
2017-11-06 : chekc_url页面不存在！请检查配置文件是否开启了url验证
2017-11-06 : chekc_url页面不存在！请检查配置文件是否开启了url验证
2017-11-06 : chekc_url页面不存在！请检查配置文件是否开启了url验证
2017-11-06 : chekc_url页面不存在！请检查配置文件是否开启了url验证
2017-11-06 : chekc_url页面不存在！请检查配置文件是否开启了url验证
2017-11-06 : chekc_url页面不存在！请检查配置文件是否开启了url验证
2017-11-06 : chekc_url页面不存在！请检查配置文件是否开启了url验证
2017-11-06 : chekc_url页面不存在！请检查配置文件是否开启了url验证
2017-11-06 : chekc_url页面不存在！请检查配置文件是否开启了url验证
2017-11-06 : chekc_url页面不存在！请检查配置文件是否开启了url验证
2017-11-06 : chekc_url页面不存在！请检查配置文件是否开启了url验证
2017-11-06 : chekc_url页面不存在！请检查配置文件是否开启了url验证
2017-11-06 : chekc_url页面不存在！请检查配置文件是否开启了url验证
2017-11-06 : chekc_url页面不存在！请检查配置文件是否开启了url验证
2017-11-06 : chekc_url页面不存在！请检查配置文件是否开启了url验证
2017-11-06 : chekc_url页面不存在！请检查配置文件是否开启了url验证
2017-11-06 : chekc_url页面不存在！请检查配置文件是否开启了url验证
2017-11-06 : chekc_url页面不存在！请检查配置文件是否开启了url验证
2017-11-06 : chekc_url页面不存在！请检查配置文件是否开启了url验证
2017-11-06 : chekc_url页面不存在！请检查配置文件是否开启了url验证
2017-11-06 : chekc_url页面不存在！请检查配置文件是否开启了url验证
2017-11-06 : chekc_url页面不存在！请检查配置文件是否开启了url验证
2017-11-06 : chekc_url页面不存在！请检查配置文件是否开启了url验证
2017-11-06 : chekc_url页面不存在！请检查配置文件是否开启了url验证
2017-11-06 : chekc_url页面不存在！请检查配置文件是否开启了url验证
2017-11-06 : chekc_url页面不存在！请检查配置文件是否开启了url验证
2017-11-06 : chekc_url页面不存在！请检查配置文件是否开启了url验证
2017-11-06 : chekc_url页面不存在！请检查配置文件是否开启了url验证
2017-11-06 : chekc_url页面不存在！请检查配置文件是否开启了url验证
2017-11-06 : chekc_url页面不存在！请检查配置文件是否开启了url验证
2017-11-06 : chekc_url页面不存在！请检查配置文件是否开启了url验证
2017-11-06 : chekc_url页面不存在！请检查配置文件是否开启了url验证
2017-11-06 : chekc_url页面不存在！请检查配置文件是否开启了url验证
2017-11-06 : chekc_url页面不存在！请检查配置文件是否开启了url验证
2017-11-06 : chekc_url页面不存在！请检查配置文件是否开启了url验证
2017-11-06 : chekc_url页面不存在！请检查配置文件是否开启了url验证
2017-11-06 : chekc_url页面不存在！请检查配置文件是否开启了url验证
2017-11-06 : chekc_url页面不存在！请检查配置文件是否开启了url验证
2017-11-06 : chekc_url页面不存在！请检查配置文件是否开启了url验证
2017-11-06 : chekc_url页面不存在！请检查配置文件是否开启了url验证
2017-11-06 : chekc_url页面不存在！请检查配置文件是否开启了url验证
2017-11-06 : chekc_url页面不存在！请检查配置文件是否开启了url验证
2017-11-06 : chekc_url页面不存在！请检查配置文件是否开启了url验证
2017-11-06 : chekc_url页面不存在！请检查配置文件是否开启了url验证
2017-11-06 : chekc_url页面不存在！请检查配置文件是否开启了url验证
2017-11-06 : chekc_url页面不存在！请检查配置文件是否开启了url验证
2017-11-06 : chekc_url页面不存在！请检查配置文件是否开启了url验证
2017-11-06 : chekc_url页面不存在！请检查配置文件是否开启了url验证
2017-11-06 : chekc_url页面不存在！请检查配置文件是否开启了url验证
2017-11-06 : chekc_url页面不存在！请检查配置文件是否开启了url验证
2017-11-06 : chekc_url页面不存在！请检查配置文件是否开启了url验证
2017-11-06 : chekc_url页面不存在！请检查配置文件是否开启了url验证
2017-11-06 : chekc_url页面不存在！请检查配置文件是否开启了url验证
2017-11-06 : chekc_url页面不存在！请检查配置文件是否开启了url验证
2017-11-06 : chekc_url页面不存在！请检查配置文件是否开启了url验证
2017-11-06 : chekc_url页面不存在！请检查配置文件是否开启了url验证
2017-11-06 : chekc_url页面不存在！请检查配置文件是否开启了url验证
2017-11-06 : chekc_url页面不存在！请检查配置文件是否开启了url验证
2017-11-06 : chekc_url页面不存在！请检查配置文件是否开启了url验证
2017-11-06 : chekc_url页面不存在！请检查配置文件是否开启了url验证
2017-11-06 : chekc_url页面不存在！请检查配置文件是否开启了url验证
2017-11-06 : chekc_url页面不存在！请检查配置文件是否开启了url验证
2017-11-06 : chekc_url页面不存在！请检查配置文件是否开启了url验证
2017-11-06 : chekc_url页面不存在！请检查配置文件是否开启了url验证
2017-11-06 : chekc_url页面不存在！请检查配置文件是否开启了url验证
2017-11-06 : chekc_url页面不存在！请检查配置文件是否开启了url验证
2017-11-06 : chekc_url页面不存在！请检查配置文件是否开启了url验证
2017-11-06 : chekc_url页面不存在！请检查配置文件是否开启了url验证
2017-11-06 : chekc_url页面不存在！请检查配置文件是否开启了url验证
2017-11-06 : chekc_url页面不存在！请检查配置文件是否开启了url验证
2017-11-06 : chekc_url页面不存在！请检查配置文件是否开启了url验证
2017-11-06 : chekc_url页面不存在！请检查配置文件是否开启了url验证
2017-11-06 : chekc_url页面不存在！请检查配置文件是否开启了url验证
2017-11-06 : chekc_url页面不存在！请检查配置文件是否开启了url验证
2017-11-06 : chekc_url页面不存在！请检查配置文件是否开启了url验证
2017-11-06 : chekc_url页面不存在！请检查配置文件是否开启了url验证
2017-11-06 : chekc_url页面不存在！请检查配置文件是否开启了url验证
2017-11-06 : chekc_url页面不存在！请检查配置文件是否开启了url验证
2017-11-06 : chekc_url页面不存在！请检查配置文件是否开启了url验证
2017-11-06 : chekc_url页面不存在！请检查配置文件是否开启了url验证
2017-11-06 : chekc_url页面不存在！请检查配置文件是否开启了url验证
2017-11-06 : chekc_url页面不存在！请检查配置文件是否开启了url验证
2017-11-06 : chekc_url页面不存在！请检查配置文件是否开启了url验证
2017-11-06 : chekc_url页面不存在！请检查配置文件是否开启了url验证
2017-11-06 : chekc_url页面不存在！请检查配置文件是否开启了url验证
2017-11-06 : chekc_url页面不存在！请检查配置文件是否开启了url验证
2017-11-06 : chekc_url页面不存在！请检查配置文件是否开启了url验证
2017-11-06 : chekc_url页面不存在！请检查配置文件是否开启了url验证
2017-11-06 : chekc_url页面不存在！请检查配置文件是否开启了url验证
2017-11-06 : chekc_url页面不存在！请检查配置文件是否开启了url验证
2017-11-06 : chekc_url页面不存在！请检查配置文件是否开启了url验证
2017-11-06 : chekc_url页面不存在！请检查配置文件是否开启了url验证
2017-11-06 : chekc_url页面不存在！请检查配置文件是否开启了url验证
2017-11-06 : chekc_url页面不存在！请检查配置文件是否开启了url验证
2017-11-06 : chekc_url页面不存在！请检查配置文件是否开启了url验证
2017-11-06 : chekc_url页面不存在！请检查配置文件是否开启了url验证
2017-11-06 : chekc_url页面不存在！请检查配置文件是否开启了url验证
2017-11-06 : chekc_url页面不存在！请检查配置文件是否开启了url验证
2017-11-06 : chekc_url页面不存在！请检查配置文件是否开启了url验证
2017-11-06 : chekc_url页面不存在！请检查配置文件是否开启了url验证
2017-11-06 : chekc_url页面不存在！请检查配置文件是否开启了url验证
2017-11-06 : chekc_url页面不存在！请检查配置文件是否开启了url验证
2017-11-06 : chekc_url页面不存在！请检查配置文件是否开启了url验证
2017-11-06 : chekc_url页面不存在！请检查配置文件是否开启了url验证
2017-11-06 : chekc_url页面不存在！请检查配置文件是否开启了url验证
2017-11-06 : chekc_url页面不存在！请检查配置文件是否开启了url验证
2017-11-06 : chekc_url页面不存在！请检查配置文件是否开启了url验证
2017-11-06 : chekc_url页面不存在！请检查配置文件是否开启了url验证
2017-11-06 : chekc_url页面不存在！请检查配置文件是否开启了url验证
2017-11-06 : chekc_url页面不存在！请检查配置文件是否开启了url验证
2017-11-06 : chekc_url页面不存在！请检查配置文件是否开启了url验证
2017-11-06 : chekc_url页面不存在！请检查配置文件是否开启了url验证
2017-11-06 : chekc_url页面不存在！请检查配置文件是否开启了url验证
2017-11-06 : chekc_url页面不存在！请检查配置文件是否开启了url验证
2017-11-06 : chekc_url页面不存在！请检查配置文件是否开启了url验证
2017-11-06 : chekc_url页面不存在！请检查配置文件是否开启了url验证
2017-11-06 : chekc_url页面不存在！请检查配置文件是否开启了url验证
2017-11-06 : chekc_url页面不存在！请检查配置文件是否开启了url验证
2017-11-06 : chekc_url页面不存在！请检查配置文件是否开启了url验证
2017-11-06 : chekc_url页面不存在！请检查配置文件是否开启了url验证
2017-11-06 : chekc_url页面不存在！请检查配置文件是否开启了url验证
2017-11-06 : chekc_url页面不存在！请检查配置文件是否开启了url验证
2017-11-06 : chekc_url页面不存在！请检查配置文件是否开启了url验证
2017-11-06 : chekc_url页面不存在！请检查配置文件是否开启了url验证
2017-11-06 : chekc_url页面不存在！请检查配置文件是否开启了url验证
2017-11-06 : chekc_url页面不存在！请检查配置文件是否开启了url验证
2017-11-06 : chekc_url页面不存在！请检查配置文件是否开启了url验证
2017-11-06 : chekc_url页面不存在！请检查配置文件是否开启了url验证
2017-11-06 : chekc_url页面不存在！请检查配置文件是否开启了url验证
2017-11-06 : chekc_url页面不存在！请检查配置文件是否开启了url验证
2017-11-06 : chekc_url页面不存在！请检查配置文件是否开启了url验证
2017-11-06 : chekc_url页面不存在！请检查配置文件是否开启了url验证
2017-11-06 : chekc_url页面不存在！请检查配置文件是否开启了url验证
2017-11-06 : chekc_url页面不存在！请检查配置文件是否开启了url验证
2017-11-06 : chekc_url页面不存在！请检查配置文件是否开启了url验证
2017-11-06 : chekc_url页面不存在！请检查配置文件是否开启了url验证
2017-11-06 : chekc_url页面不存在！请检查配置文件是否开启了url验证
2017-11-06 : chekc_url页面不存在！请检查配置文件是否开启了url验证
2017-11-06 : chekc_url页面不存在！请检查配置文件是否开启了url验证
2017-11-06 : chekc_url页面不存在！请检查配置文件是否开启了url验证
2017-11-06 : chekc_url页面不存在！请检查配置文件是否开启了url验证
2017-11-06 : chekc_url页面不存在！请检查配置文件是否开启了url验证
2017-11-06 : chekc_url页面不存在！请检查配置文件是否开启了url验证
2017-11-06 : chekc_url页面不存在！请检查配置文件是否开启了url验证
2017-11-06 : chekc_url页面不存在！请检查配置文件是否开启了url验证
2017-11-06 : chekc_url页面不存在！请检查配置文件是否开启了url验证
2017-11-06 : chekc_url页面不存在！请检查配置文件是否开启了url验证
2017-11-06 : chekc_url页面不存在！请检查配置文件是否开启了url验证
2017-11-06 : chekc_url页面不存在！请检查配置文件是否开启了url验证
2017-11-06 : chekc_url页面不存在！请检查配置文件是否开启了url验证
2017-11-06 : chekc_url页面不存在！请检查配置文件是否开启了url验证
2017-11-06 : chekc_url页面不存在！请检查配置文件是否开启了url验证
2017-11-06 : chekc_url页面不存在！请检查配置文件是否开启了url验证
2017-11-06 : chekc_url页面不存在！请检查配置文件是否开启了url验证
2017-11-06 : chekc_url页面不存在！请检查配置文件是否开启了url验证
2017-11-06 : chekc_url页面不存在！请检查配置文件是否开启了url验证
2017-11-06 : chekc_url页面不存在！请检查配置文件是否开启了url验证
2017-11-06 : chekc_url页面不存在！请检查配置文件是否开启了url验证
2017-11-06 : chekc_url页面不存在！请检查配置文件是否开启了url验证
2017-11-06 : chekc_url页面不存在！请检查配置文件是否开启了url验证
2017-11-06 : chekc_url页面不存在！请检查配置文件是否开启了url验证
2017-11-06 : chekc_url页面不存在！请检查配置文件是否开启了url验证
2017-11-06 : chekc_url页面不存在！请检查配置文件是否开启了url验证
2017-11-06 : chekc_url页面不存在！请检查配置文件是否开启了url验证
2017-11-06 : chekc_url页面不存在！请检查配置文件是否开启了url验证
2017-11-06 : chekc_url页面不存在！请检查配置文件是否开启了url验证
2017-11-06 : chekc_url页面不存在！请检查配置文件是否开启了url验证
2017-11-06 : chekc_url页面不存在！请检查配置文件是否开启了url验证
2017-11-06 : chekc_url页面不存在！请检查配置文件是否开启了url验证
2017-11-06 : chekc_url页面不存在！请检查配置文件是否开启了url验证
2017-11-06 : chekc_url页面不存在！请检查配置文件是否开启了url验证
2017-11-06 : chekc_url页面不存在！请检查配置文件是否开启了url验证
2017-11-06 : chekc_url页面不存在！请检查配置文件是否开启了url验证
2017-11-06 : chekc_url页面不存在！请检查配置文件是否开启了url验证
2017-11-06 : chekc_url页面不存在！请检查配置文件是否开启了url验证
2017-11-06 : chekc_url页面不存在！请检查配置文件是否开启了url验证
2017-11-06 : chekc_url页面不存在！请检查配置文件是否开启了url验证
2017-11-06 : chekc_url页面不存在！请检查配置文件是否开启了url验证
2017-11-06 : chekc_url页面不存在！请检查配置文件是否开启了url验证
2017-11-06 : chekc_url页面不存在！请检查配置文件是否开启了url验证
2017-11-06 : chekc_url页面不存在！请检查配置文件是否开启了url验证
2017-11-06 : chekc_url页面不存在！请检查配置文件是否开启了url验证
2017-11-06 : chekc_url页面不存在！请检查配置文件是否开启了url验证
2017-11-06 : chekc_url页面不存在！请检查配置文件是否开启了url验证
2017-11-06 : chekc_url页面不存在！请检查配置文件是否开启了url验证
2017-11-06 : chekc_url页面不存在！请检查配置文件是否开启了url验证
2017-11-06 : chekc_url页面不存在！请检查配置文件是否开启了url验证
2017-11-06 : chekc_url页面不存在！请检查配置文件是否开启了url验证
2017-11-06 : chekc_url页面不存在！请检查配置文件是否开启了url验证
2017-11-06 : chekc_url页面不存在！请检查配置文件是否开启了url验证
2017-11-06 : chekc_url页面不存在！请检查配置文件是否开启了url验证
2017-11-06 : chekc_url页面不存在！请检查配置文件是否开启了url验证
2017-11-06 : chekc_url页面不存在！请检查配置文件是否开启了url验证
2017-11-06 : chekc_url页面不存在！请检查配置文件是否开启了url验证
2017-11-06 : chekc_url页面不存在！请检查配置文件是否开启了url验证
2017-11-06 : chekc_url页面不存在！请检查配置文件是否开启了url验证
2017-11-06 : chekc_url页面不存在！请检查配置文件是否开启了url验证
2017-11-06 : chekc_url页面不存在！请检查配置文件是否开启了url验证
2017-11-06 : chekc_url页面不存在！请检查配置文件是否开启了url验证
2017-11-06 : chekc_url页面不存在！请检查配置文件是否开启了url验证
2017-11-06 : chekc_url页面不存在！请检查配置文件是否开启了url验证
2017-11-06 : chekc_url页面不存在！请检查配置文件是否开启了url验证
2017-11-06 : chekc_url页面不存在！请检查配置文件是否开启了url验证
2017-11-06 : chekc_url页面不存在！请检查配置文件是否开启了url验证
2017-11-06 : chekc_url页面不存在！请检查配置文件是否开启了url验证
2017-11-06 : chekc_url页面不存在！请检查配置文件是否开启了url验证
2017-11-06 : chekc_url页面不存在！请检查配置文件是否开启了url验证
2017-11-06 : chekc_url页面不存在！请检查配置文件是否开启了url验证
2017-11-06 : chekc_url页面不存在！请检查配置文件是否开启了url验证
2017-11-06 : chekc_url页面不存在！请检查配置文件是否开启了url验证
2017-11-06 : chekc_url页面不存在！请检查配置文件是否开启了url验证
2017-11-06 : chekc_url页面不存在！请检查配置文件是否开启了url验证
2017-11-06 : chekc_url页面不存在！请检查配置文件是否开启了url验证
2017-11-06 : chekc_url页面不存在！请检查配置文件是否开启了url验证
2017-11-06 : chekc_url页面不存在！请检查配置文件是否开启了url验证
2017-11-06 : chekc_url页面不存在！请检查配置文件是否开启了url验证
2017-11-06 : chekc_url页面不存在！请检查配置文件是否开启了url验证
2017-11-06 : chekc_url页面不存在！请检查配置文件是否开启了url验证
2017-11-06 : chekc_url页面不存在！请检查配置文件是否开启了url验证
2017-11-06 : chekc_url页面不存在！请检查配置文件是否开启了url验证
2017-11-06 : chekc_url页面不存在！请检查配置文件是否开启了url验证
2017-11-06 : chekc_url页面不存在！请检查配置文件是否开启了url验证
2017-11-06 : chekc_url页面不存在！请检查配置文件是否开启了url验证
2017-11-06 : chekc_url页面不存在！请检查配置文件是否开启了url验证
2017-11-06 : chekc_url页面不存在！请检查配置文件是否开启了url验证
2017-11-06 : chekc_url页面不存在！请检查配置文件是否开启了url验证
2017-11-06 : chekc_url页面不存在！请检查配置文件是否开启了url验证
2017-11-06 : chekc_url页面不存在！请检查配置文件是否开启了url验证
2017-11-06 : chekc_url页面不存在！请检查配置文件是否开启了url验证
2017-11-06 : chekc_url页面不存在！请检查配置文件是否开启了url验证
2017-11-06 : chekc_url页面不存在！请检查配置文件是否开启了url验证
2017-11-06 : chekc_url页面不存在！请检查配置文件是否开启了url验证
2017-11-06 : chekc_url页面不存在！请检查配置文件是否开启了url验证
2017-11-06 : chekc_url页面不存在！请检查配置文件是否开启了url验证
2017-11-06 : chekc_url页面不存在！请检查配置文件是否开启了url验证
2017-11-06 : chekc_url页面不存在！请检查配置文件是否开启了url验证
2017-11-06 : chekc_url页面不存在！请检查配置文件是否开启了url验证
2017-11-06 : chekc_url页面不存在！请检查配置文件是否开启了url验证
2017-11-06 : chekc_url页面不存在！请检查配置文件是否开启了url验证
2017-11-06 : chekc_url页面不存在！请检查配置文件是否开启了url验证
2017-11-06 : chekc_url页面不存在！请检查配置文件是否开启了url验证
2017-11-06 : chekc_url页面不存在！请检查配置文件是否开启了url验证
2017-11-06 : chekc_url页面不存在！请检查配置文件是否开启了url验证
2017-11-06 : chekc_url页面不存在！请检查配置文件是否开启了url验证
2017-11-06 : chekc_url页面不存在！请检查配置文件是否开启了url验证
2017-11-06 : chekc_url页面不存在！请检查配置文件是否开启了url验证
2017-11-06 : chekc_url页面不存在！请检查配置文件是否开启了url验证
2017-11-06 : chekc_url页面不存在！请检查配置文件是否开启了url验证
2017-11-06 : chekc_url页面不存在！请检查配置文件是否开启了url验证
2017-11-06 : chekc_url页面不存在！请检查配置文件是否开启了url验证
2017-11-06 : chekc_url页面不存在！请检查配置文件是否开启了url验证
2017-11-06 : chekc_url页面不存在！请检查配置文件是否开启了url验证
2017-11-06 : chekc_url页面不存在！请检查配置文件是否开启了url验证
2017-11-06 : chekc_url页面不存在！请检查配置文件是否开启了url验证
2017-11-06 : chekc_url页面不存在！请检查配置文件是否开启了url验证
2017-11-06 : chekc_url页面不存在！请检查配置文件是否开启了url验证
2017-11-06 : chekc_url页面不存在！请检查配置文件是否开启了url验证
2017-11-06 : chekc_url页面不存在！请检查配置文件是否开启了url验证
2017-11-06 : chekc_url页面不存在！请检查配置文件是否开启了url验证
2017-11-06 : chekc_url页面不存在！请检查配置文件是否开启了url验证
2017-11-06 : chekc_url页面不存在！请检查配置文件是否开启了url验证
2017-11-06 : chekc_url页面不存在！请检查配置文件是否开启了url验证
2017-11-06 : chekc_url页面不存在！请检查配置文件是否开启了url验证
2017-11-06 : chekc_url页面不存在！请检查配置文件是否开启了url验证
2017-11-06 : chekc_url页面不存在！请检查配置文件是否开启了url验证
2017-11-06 : chekc_url页面不存在！请检查配置文件是否开启了url验证
2017-11-06 : chekc_url页面不存在！请检查配置文件是否开启了url验证
2017-11-06 : chekc_url页面不存在！请检查配置文件是否开启了url验证
2017-11-06 : chekc_url页面不存在！请检查配置文件是否开启了url验证
2017-11-06 : chekc_url页面不存在！请检查配置文件是否开启了url验证
2017-11-06 : chekc_url页面不存在！请检查配置文件是否开启了url验证
2017-11-06 : chekc_url页面不存在！请检查配置文件是否开启了url验证
2017-11-06 : chekc_url页面不存在！请检查配置文件是否开启了url验证
2017-11-06 : chekc_url页面不存在！请检查配置文件是否开启了url验证
2017-11-06 : chekc_url页面不存在！请检查配置文件是否开启了url验证
2017-11-06 : chekc_url页面不存在！请检查配置文件是否开启了url验证
2017-11-06 : chekc_url页面不存在！请检查配置文件是否开启了url验证
2017-11-06 : chekc_url页面不存在！请检查配置文件是否开启了url验证
2017-11-06 : chekc_url页面不存在！请检查配置文件是否开启了url验证
2017-11-06 : chekc_url页面不存在！请检查配置文件是否开启了url验证
2017-11-06 : chekc_url页面不存在！请检查配置文件是否开启了url验证
2017-11-06 : chekc_url页面不存在！请检查配置文件是否开启了url验证
2017-11-06 : chekc_url页面不存在！请检查配置文件是否开启了url验证
2017-11-06 : chekc_url页面不存在！请检查配置文件是否开启了url验证
