2017-11-21 : chekc_url页面不存在！请检查配置文件是否开启了url验证
2017-11-21 : chekc_url页面不存在！请检查配置文件是否开启了url验证
2017-11-21 : chekc_url页面不存在！请检查配置文件是否开启了url验证
2017-11-21 : chekc_url页面不存在！请检查配置文件是否开启了url验证
2017-11-21 : Missing argument 2 for Controller::render(), called in C:\www\WWW\wyy\git\Index\controller\IndexController.php on line 14 and defined
2017-11-21 : Undefined variable: data
2017-11-21 : Undefined variable: data
2017-11-21 : ..请传个数组好吗
2017-11-21 : chekc_url页面不存在！请检查配置文件是否开启了url验证
2017-11-21 : Missing argument 2 for Controller::render(), called in C:\www\WWW\wyy\git\Index\controller\IndexController.php on line 14 and defined
2017-11-21 : C:/www/WWW/wyy/git/Index/view/index//index/add.php模板文件不存在
2017-11-21 : Undefined variable: data
2017-11-21 : Undefined variable: data
2017-11-21 : ..请传个数组好吗
2017-11-21 : include(C:/www/WWW/wyy/git/Index/view/index//index/add.php): failed to open stream: No such file or directory
2017-11-21 : include(): Failed opening 'C:/www/WWW/wyy/git/Index/view/index//index/add.php' for inclusion (include_path='.;C:\php\pear')
2017-11-21 : chekc_url页面不存在！请检查配置文件是否开启了url验证
2017-11-21 : Missing argument 2 for Controller::render(), called in C:\www\WWW\wyy\git\Index\controller\IndexController.php on line 14 and defined
2017-11-21 : C:/www/WWW/wyy/git/Index/view/index//index/add.php模板文件不存在
2017-11-21 : Undefined variable: data
2017-11-21 : Undefined variable: data
2017-11-21 : ..请传个数组好吗
2017-11-21 : include(C:/www/WWW/wyy/git/Index/view/index//index/add.php): failed to open stream: No such file or directory
2017-11-21 : include(): Failed opening 'C:/www/WWW/wyy/git/Index/view/index//index/add.php' for inclusion (include_path='.;C:\php\pear')
2017-11-21 : chekc_url页面不存在！请检查配置文件是否开启了url验证
2017-11-21 : Missing argument 2 for Controller::render(), called in C:\www\WWW\wyy\git\Index\controller\IndexController.php on line 14 and defined
2017-11-21 : Undefined variable: data
2017-11-21 : Undefined variable: data
2017-11-21 : ..请传个数组好吗
2017-11-21 : chekc_url页面不存在！请检查配置文件是否开启了url验证
2017-11-21 : chekc_url页面不存在！请检查配置文件是否开启了url验证
2017-11-21 : chekc_url页面不存在！请检查配置文件是否开启了url验证
2017-11-21 : chekc_url页面不存在！请检查配置文件是否开启了url验证
2017-11-21 : chekc_url页面不存在！请检查配置文件是否开启了url验证
2017-11-21 : chekc_url页面不存在！请检查配置文件是否开启了url验证
2017-11-21 : chekc_url页面不存在！请检查配置文件是否开启了url验证
2017-11-21 : chekc_url页面不存在！请检查配置文件是否开启了url验证
2017-11-21 : Undefined offset: 0
2017-11-21 : chekc_url页面不存在！请检查配置文件是否开启了url验证
2017-11-21 : Array to string conversion
2017-11-21 : chekc_url页面不存在！请检查配置文件是否开启了url验证
2017-11-21 : chekc_url页面不存在！请检查配置文件是否开启了url验证
2017-11-21 : chekc_url页面不存在！请检查配置文件是否开启了url验证
2017-11-21 : chekc_url页面不存在！请检查配置文件是否开启了url验证
2017-11-21 : chekc_url页面不存在！请检查配置文件是否开启了url验证
2017-11-21 : chekc_url页面不存在！请检查配置文件是否开启了url验证
2017-11-21 : chekc_url页面不存在！请检查配置文件是否开启了url验证
2017-11-21 : chekc_url页面不存在！请检查配置文件是否开启了url验证
2017-11-21 : chekc_url页面不存在！请检查配置文件是否开启了url验证
2017-11-21 : chekc_url页面不存在！请检查配置文件是否开启了url验证
2017-11-21 : chekc_url页面不存在！请检查配置文件是否开启了url验证
2017-11-21 : chekc_url页面不存在！请检查配置文件是否开启了url验证
2017-11-21 : chekc_url页面不存在！请检查配置文件是否开启了url验证
2017-11-21 : chekc_url页面不存在！请检查配置文件是否开启了url验证
2017-11-21 : chekc_url页面不存在！请检查配置文件是否开启了url验证
2017-11-21 : chekc_url页面不存在！请检查配置文件是否开启了url验证
2017-11-21 : chekc_url页面不存在！请检查配置文件是否开启了url验证
2017-11-21 : chekc_url页面不存在！请检查配置文件是否开启了url验证
2017-11-21 : chekc_url页面不存在！请检查配置文件是否开启了url验证
2017-11-21 : chekc_url页面不存在！请检查配置文件是否开启了url验证
2017-11-21 : chekc_url页面不存在！请检查配置文件是否开启了url验证
2017-11-21 : chekc_url页面不存在！请检查配置文件是否开启了url验证
2017-11-21 : chekc_url页面不存在！请检查配置文件是否开启了url验证
2017-11-21 : chekc_url页面不存在！请检查配置文件是否开启了url验证
2017-11-21 : chekc_url页面不存在！请检查配置文件是否开启了url验证
2017-11-21 : chekc_url页面不存在！请检查配置文件是否开启了url验证
2017-11-21 : chekc_url页面不存在！请检查配置文件是否开启了url验证
2017-11-21 : chekc_url页面不存在！请检查配置文件是否开启了url验证
2017-11-21 : chekc_url页面不存在！请检查配置文件是否开启了url验证
2017-11-21 : chekc_url页面不存在！请检查配置文件是否开启了url验证
2017-11-21 : chekc_url页面不存在！请检查配置文件是否开启了url验证
2017-11-21 : chekc_url页面不存在！请检查配置文件是否开启了url验证
2017-11-21 : Table 'test.user' doesn't exist
2017-11-21 : chekc_url页面不存在！请检查配置文件是否开启了url验证
2017-11-21 : chekc_url页面不存在！请检查配置文件是否开启了url验证
2017-11-21 : chekc_url页面不存在！请检查配置文件是否开启了url验证
2017-11-21 : chekc_url页面不存在！请检查配置文件是否开启了url验证
2017-11-21 : chekc_url页面不存在！请检查配置文件是否开启了url验证
2017-11-21 : chekc_url页面不存在！请检查配置文件是否开启了url验证
2017-11-21 : chekc_url页面不存在！请检查配置文件是否开启了url验证
2017-11-21 : chekc_url页面不存在！请检查配置文件是否开启了url验证
2017-11-21 : chekc_url页面不存在！请检查配置文件是否开启了url验证
2017-11-21 : chekc_url页面不存在！请检查配置文件是否开启了url验证
2017-11-21 : chekc_url页面不存在！请检查配置文件是否开启了url验证
2017-11-21 : chekc_url页面不存在！请检查配置文件是否开启了url验证
2017-11-21 : chekc_url页面不存在！请检查配置文件是否开启了url验证
2017-11-21 : Undefined variable: data
2017-11-21 : chekc_url页面不存在！请检查配置文件是否开启了url验证
2017-11-21 : Undefined variable: data
2017-11-21 : chekc_url页面不存在！请检查配置文件是否开启了url验证
2017-11-21 : Undefined variable: data
2017-11-21 : chekc_url页面不存在！请检查配置文件是否开启了url验证
2017-11-21 : Undefined variable: data
2017-11-21 : chekc_url页面不存在！请检查配置文件是否开启了url验证
2017-11-21 : chekc_url页面不存在！请检查配置文件是否开启了url验证
2017-11-21 : chekc_url页面不存在！请检查配置文件是否开启了url验证
2017-11-21 : chekc_url页面不存在！请检查配置文件是否开启了url验证
2017-11-21 : chekc_url页面不存在！请检查配置文件是否开启了url验证
2017-11-21 : chekc_url页面不存在！请检查配置文件是否开启了url验证
2017-11-21 : chekc_url页面不存在！请检查配置文件是否开启了url验证
2017-11-21 : chekc_url页面不存在！请检查配置文件是否开启了url验证
2017-11-21 : chekc_url页面不存在！请检查配置文件是否开启了url验证
2017-11-21 : chekc_url页面不存在！请检查配置文件是否开启了url验证
2017-11-21 : chekc_url页面不存在！请检查配置文件是否开启了url验证
2017-11-21 : chekc_url页面不存在！请检查配置文件是否开启了url验证
2017-11-21 : chekc_url页面不存在！请检查配置文件是否开启了url验证
2017-11-21 : chekc_url页面不存在！请检查配置文件是否开启了url验证
2017-11-21 : chekc_url页面不存在！请检查配置文件是否开启了url验证
2017-11-21 : chekc_url页面不存在！请检查配置文件是否开启了url验证
2017-11-21 : chekc_url页面不存在！请检查配置文件是否开启了url验证
2017-11-21 : chekc_url页面不存在！请检查配置文件是否开启了url验证
2017-11-21 : chekc_url页面不存在！请检查配置文件是否开启了url验证
2017-11-21 : chekc_url页面不存在！请检查配置文件是否开启了url验证
2017-11-21 : chekc_url页面不存在！请检查配置文件是否开启了url验证
2017-11-21 : chekc_url页面不存在！请检查配置文件是否开启了url验证
2017-11-21 : chekc_url页面不存在！请检查配置文件是否开启了url验证
2017-11-21 : chekc_url页面不存在！请检查配置文件是否开启了url验证
2017-11-21 : chekc_url页面不存在！请检查配置文件是否开启了url验证
2017-11-21 : chekc_url页面不存在！请检查配置文件是否开启了url验证
