2017-11-09 : chekc_url页面不存在！请检查配置文件是否开启了url验证
2017-11-09 : chekc_url页面不存在！请检查配置文件是否开启了url验证
2017-11-09 : chekc_url页面不存在！请检查配置文件是否开启了url验证
2017-11-09 : chekc_url页面不存在！请检查配置文件是否开启了url验证
2017-11-09 : chekc_url页面不存在！请检查配置文件是否开启了url验证
2017-11-09 : chekc_url页面不存在！请检查配置文件是否开启了url验证
2017-11-09 : chekc_url页面不存在！请检查配置文件是否开启了url验证
2017-11-09 : chekc_url页面不存在！请检查配置文件是否开启了url验证
2017-11-09 : chekc_url页面不存在！请检查配置文件是否开启了url验证
2017-11-09 : chekc_url页面不存在！请检查配置文件是否开启了url验证
2017-11-09 : chekc_url页面不存在！请检查配置文件是否开启了url验证
2017-11-09 : chekc_url页面不存在！请检查配置文件是否开启了url验证
2017-11-09 : chekc_url页面不存在！请检查配置文件是否开启了url验证
2017-11-09 : chekc_url页面不存在！请检查配置文件是否开启了url验证
2017-11-09 : chekc_url页面不存在！请检查配置文件是否开启了url验证
2017-11-09 : chekc_url页面不存在！请检查配置文件是否开启了url验证
2017-11-09 : chekc_url页面不存在！请检查配置文件是否开启了url验证
2017-11-09 : chekc_url页面不存在！请检查配置文件是否开启了url验证
2017-11-09 : chekc_url页面不存在！请检查配置文件是否开启了url验证
2017-11-09 : chekc_url页面不存在！请检查配置文件是否开启了url验证
2017-11-09 : C:/www/WWW/wyy/git/Index/view/index.php模板文件不存在
2017-11-09 : include(C:/www/WWW/wyy/git/Index/view/index.php): failed to open stream: No such file or directory
2017-11-09 : include(): Failed opening 'C:/www/WWW/wyy/git/Index/view/index.php' for inclusion (include_path='.;C:\php\pear')
2017-11-09 : chekc_url页面不存在！请检查配置文件是否开启了url验证
2017-11-09 : C:/www/WWW/wyy/git/Index/view/C:/www/WWW/wyy/git/Index/view/index.php模板文件不存在
2017-11-09 : include(C:/www/WWW/wyy/git/Index/view/C:/www/WWW/wyy/git/Index/view/index.php): failed to open stream: Invalid argument
2017-11-09 : include(): Failed opening 'C:/www/WWW/wyy/git/Index/view/C:/www/WWW/wyy/git/Index/view/index.php' for inclusion (include_path='.;C:\php\pear')
2017-11-09 : chekc_url页面不存在！请检查配置文件是否开启了url验证
2017-11-09 : chekc_url页面不存在！请检查配置文件是否开启了url验证
2017-11-09 : chekc_url页面不存在！请检查配置文件是否开启了url验证
2017-11-09 : chekc_url页面不存在！请检查配置文件是否开启了url验证
2017-11-09 : chekc_url页面不存在！请检查配置文件是否开启了url验证
2017-11-09 : chekc_url页面不存在！请检查配置文件是否开启了url验证
2017-11-09 : chekc_url页面不存在！请检查配置文件是否开启了url验证
2017-11-09 : chekc_url页面不存在！请检查配置文件是否开启了url验证
